28:R10 > 13:M11
31:_E11 > 28:R10
30:_E10 > 28:R10
29:_E9 > 28:R10
8:M6 > 28:R10
4:M5 > 28:R10
26:R9 > 20:M10
27:_E8 > 26:R9
8:M6 > 26:R9
4:M5 > 26:R9
25:R8 > 16:M9
4:M5 > 25:R8
21:R7 > 13:M11
24:_E7 > 21:R7
23:_E6 > 21:R7
22:_E5 > 21:R7
20:M10 > 21:R7
16:M9 > 21:R7
17:R6 > 20:M10
19:_E4 > 17:R6
18:_E3 > 17:R6
3:M4 > 17:R6
2:M2 > 17:R6
14:R5 > 16:M9
15:_E2 > 14:R5
3:M4 > 14:R5
12:R4 > 13:M11
11:M8 > 12:R4
10:M7 > 12:R4
6:M3 > 12:R4
9:R3 > 11:M8
9:R3 > 10:M7
8:M6 > 9:R3
6:M3 > 9:R3
5:R2 > 8:M6
5:R2 > 4:M5
7:_E1 > 5:R2
6:M3 > 5:R2
1:R1 > 4:M5
1:R1 > 3:M4
2:M2 > 1:R1

M10: R6 R1 
M9: R8 R1 
M11: R4 R3 R2 
M8: R3 R2 
M7: R3 R2 
M6: R2 
M3: 
M5: R1 
M4: R1 
M2: 